System.Reflection.TargetInvocationException: Exception has been thrown by the target of an invocation. ---> System.TypeInitializationException: The type initializer for 'BepInEx.Preloader.Preloader' threw an exception. ---> System.TypeInitializationException: The type initializer for 'BepInEx.Configuration.ConfigFile' threw an exception. ---> System.IO.IOException: Win32 IO returned 225. Path: D:\SteamLibrary\steamapps\common\Gorilla Tag\BepInEx\config\BepInEx.cfg
  at System.IO.FileStream..ctor (System.String path, System.IO.FileMode mode, System.IO.FileAccess access, System.IO.FileShare share, System.Int32 bufferSize, System.Boolean anonymous, System.IO.FileOptions options) [0x0019e] in <605bf8b31fcb444b85176da963870aa7>:0 
  at System.IO.FileStream..ctor (System.String path, System.IO.FileMode mode, System.IO.FileAccess access, System.IO.FileShare share, System.Int32 bufferSize, System.IO.FileOptions options) [0x00000] in <605bf8b31fcb444b85176da963870aa7>:0 
  at (wrapper remoting-invoke-with-check) System.IO.FileStream..ctor(string,System.IO.FileMode,System.IO.FileAccess,System.IO.FileShare,int,System.IO.FileOptions)
  at System.IO.StreamReader..ctor (System.String path, System.Text.Encoding encoding, System.Boolean detectEncodingFromByteOrderMarks, System.Int32 bufferSize) [0x00055] in <605bf8b31fcb444b85176da963870aa7>:0 
  at System.IO.StreamReader..ctor (System.String path, System.Text.Encoding encoding) [0x00000] in <605bf8b31fcb444b85176da963870aa7>:0 
  at (wrapper remoting-invoke-with-check) System.IO.StreamReader..ctor(string,System.Text.Encoding)
  at System.IO.File.InternalReadAllLines (System.String path, System.Text.Encoding encoding) [0x00006] in <605bf8b31fcb444b85176da963870aa7>:0 
  at System.IO.File.ReadAllLines (System.String path) [0x0002c] in <605bf8b31fcb444b85176da963870aa7>:0 
  at BepInEx.Configuration.ConfigFile.Reload () [0x00024] in <efff8e118a1740828cf336231bc0fcfa>:0 
  at BepInEx.Configuration.ConfigFile..ctor (System.String configPath, System.Boolean saveOnInit, BepInEx.BepInPlugin ownerMetadata) [0x0005f] in <efff8e118a1740828cf336231bc0fcfa>:0 
  at BepInEx.Configuration.ConfigFile..ctor (System.String configPath, System.Boolean saveOnInit) [0x00000] in <efff8e118a1740828cf336231bc0fcfa>:0 
  at BepInEx.Configuration.ConfigFile..cctor () [0x00005] in <efff8e118a1740828cf336231bc0fcfa>:0 
   --- End of inner exception stack trace ---
  at BepInEx.Preloader.Preloader..cctor () [0x00019] in <3c44a663939c484ca70fc00686a72607>:0 
   --- End of inner exception stack trace ---
  at BepInEx.Preloader.PreloaderRunner.PreloaderPreMain () [0x0005c] in <3c44a663939c484ca70fc00686a72607>:0 
  at (wrapper managed-to-native) System.Reflection.RuntimeMethodInfo.InternalInvoke(System.Reflection.RuntimeMethodInfo,object,object[],System.Exception&)
  at System.Reflection.RuntimeMethodInfo.Invoke (System.Object obj, System.Reflection.BindingFlags invokeAttr, System.Reflection.Binder binder, System.Object[] parameters, System.Globalization.CultureInfo culture) [0x0006a] in <605bf8b31fcb444b85176da963870aa7>:0 
   --- End of inner exception stack trace ---
  at System.Reflection.RuntimeMethodInfo.Invoke (System.Object obj, System.Reflection.BindingFlags invokeAttr, System.Reflection.Binder binder, System.Object[] parameters, System.Globalization.CultureInfo culture) [0x00083] in <605bf8b31fcb444b85176da963870aa7>:0 
  at System.Reflection.MethodBase.Invoke (System.Object obj, System.Object[] parameters) [0x00000] in <605bf8b31fcb444b85176da963870aa7>:0 
  at Doorstop.Entrypoint.Start () [0x0008b] in <3c44a663939c484ca70fc00686a72607>:0 